<?xml version="1.0" encoding="UTF-8"?>
<testsuite name="unit.CommandImplTest" tests="1" skipped="0" failures="0" errors="0" timestamp="2023-11-06T17:29:21" hostname="LAPTOP-OF41MMU7" time="0.009">
  <properties/>
  <testcase name="moveItem should save MovingItemMovedEvent to event store()" classname="unit.CommandImplTest" time="0.009"/>
  <system-out><![CDATA[]]></system-out>
  <system-err><![CDATA[]]></system-err>
</testsuite>
