<?xml version="1.0" encoding="UTF-8"?>
<testsuite name="integration.SystemIntegrationTest" tests="1" skipped="0" failures="0" errors="0" timestamp="2023-11-06T17:29:21" hostname="LAPTOP-OF41MMU7" time="0.022">
  <properties/>
  <testcase name="moveItem reflects in QueryModel after projection()" classname="integration.SystemIntegrationTest" time="0.022"/>
  <system-out><![CDATA[]]></system-out>
  <system-err><![CDATA[]]></system-err>
</testsuite>
